2024-04-01 23:34:44.937 | SUCCESS  | __main__:<module>:11 - connect to ../mysite/db.sqllite3
2024-04-01 23:36:09.610 | SUCCESS  | __main__:<module>:11 - connect to ../mysite/db.sqllite3
2024-04-01 23:36:45.111 | SUCCESS  | __main__:<module>:11 - connect to ../mysite/db.sqlite3
2024-04-01 23:37:53.591 | SUCCESS  | __main__:<module>:11 - connect to ../mysite/db.sqlite3
2024-04-01 23:39:21.143 | SUCCESS  | __main__:<module>:12 - connect to ../mysite/db.sqlite3
2024-04-01 23:39:48.792 | SUCCESS  | __main__:<module>:12 - connect to ../mysite/db.sqlite3
2024-04-01 23:40:16.152 | SUCCESS  | __main__:<module>:12 - connect to ../mysite/db.sqlite3
2024-04-01 23:41:01.160 | SUCCESS  | __main__:<module>:12 - connect to ../mysite/db.sqlite3
2024-04-01 23:45:54.403 | SUCCESS  | __main__:<module>:12 - connect to ../mysite/db.sqlite3
2024-04-01 23:45:54.410 | SUCCESS  | __main__:<module>:46 - train.csv is generated
2024-04-01 23:45:58.329 | SUCCESS  | __main__:<module>:82 - data preprocessing is done
2024-04-01 23:46:25.971 | SUCCESS  | __main__:<module>:12 - connect to ../mysite/db.sqlite3
2024-04-01 23:46:25.979 | SUCCESS  | __main__:<module>:47 - train.csv is generated
2024-04-01 23:46:28.482 | SUCCESS  | __main__:<module>:83 - data preprocessing is done
2024-04-01 23:47:10.622 | SUCCESS  | __main__:<module>:12 - connect to ../mysite/db.sqlite3
2024-04-01 23:47:10.630 | SUCCESS  | __main__:<module>:47 - train.csv is generated
2024-04-01 23:47:13.378 | SUCCESS  | __main__:<module>:83 - data preprocessing is done
2024-04-01 23:47:13.496 | SUCCESS  | __main__:<module>:99 - data preprocessing is done
2024-04-01 23:47:16.610 | SUCCESS  | __mp_main__:<module>:12 - connect to ../mysite/db.sqlite3
2024-04-01 23:47:16.622 | SUCCESS  | __mp_main__:<module>:47 - train.csv is generated
2024-04-01 23:47:19.534 | SUCCESS  | __mp_main__:<module>:83 - data preprocessing is done
2024-04-01 23:47:19.615 | SUCCESS  | __mp_main__:<module>:99 - data preprocessing is done
2024-04-01 23:48:34.269 | SUCCESS  | __main__:<module>:12 - connect to ../mysite/db.sqlite3
2024-04-01 23:48:34.384 | SUCCESS  | __main__:<module>:46 - train.csv is generated
2024-04-01 23:48:36.406 | SUCCESS  | __main__:<module>:82 - data preprocessing is done
2024-04-01 23:48:36.697 | SUCCESS  | __main__:<module>:98 - data preprocessing is done
2024-04-01 23:48:38.667 | SUCCESS  | __mp_main__:<module>:12 - connect to ../mysite/db.sqlite3
2024-04-01 23:48:38.773 | SUCCESS  | __mp_main__:<module>:46 - train.csv is generated
2024-04-01 23:48:40.645 | SUCCESS  | __mp_main__:<module>:82 - data preprocessing is done
2024-04-01 23:48:40.935 | SUCCESS  | __mp_main__:<module>:98 - data preprocessing is done
2024-04-01 23:49:11.090 | SUCCESS  | __main__:<module>:24 - connect to ../mysite/db.sqlite3
2024-04-01 23:49:11.280 | SUCCESS  | __main__:<module>:58 - train.csv is generated
2024-04-01 23:49:11.294 | SUCCESS  | __main__:<module>:84 - data preprocessing is done
2024-04-01 23:49:11.573 | SUCCESS  | __main__:<module>:100 - data preprocessing is done
2024-04-01 23:49:15.122 | SUCCESS  | __mp_main__:<module>:24 - connect to ../mysite/db.sqlite3
2024-04-01 23:49:15.284 | SUCCESS  | __mp_main__:<module>:58 - train.csv is generated
2024-04-01 23:49:15.296 | SUCCESS  | __mp_main__:<module>:84 - data preprocessing is done
2024-04-01 23:49:15.558 | SUCCESS  | __mp_main__:<module>:100 - data preprocessing is done
2024-04-01 23:50:56.352 | SUCCESS  | __main__:<module>:24 - connect to ../mysite/db.sqlite3
2024-04-01 23:50:56.517 | SUCCESS  | __main__:<module>:58 - train.csv is generated
2024-04-01 23:50:56.534 | SUCCESS  | __main__:<module>:84 - data preprocessing is done
2024-04-01 23:50:56.836 | SUCCESS  | __main__:<module>:100 - data preprocessing step 2 is done
2024-04-01 23:50:57.854 | SUCCESS  | __main__:<module>:154 - model is ready
2024-04-01 23:51:00.615 | SUCCESS  | __mp_main__:<module>:24 - connect to ../mysite/db.sqlite3
2024-04-01 23:51:00.779 | SUCCESS  | __mp_main__:<module>:58 - train.csv is generated
2024-04-01 23:51:00.793 | SUCCESS  | __mp_main__:<module>:84 - data preprocessing is done
2024-04-01 23:51:01.061 | SUCCESS  | __mp_main__:<module>:100 - data preprocessing step 2 is done
2024-04-01 23:51:02.163 | SUCCESS  | __mp_main__:<module>:154 - model is ready
2024-04-01 23:51:41.440 | SUCCESS  | __main__:<module>:24 - connect to ../mysite/db.sqlite3
2024-04-01 23:51:41.604 | SUCCESS  | __main__:<module>:58 - train.csv is generated
2024-04-01 23:51:41.616 | SUCCESS  | __main__:<module>:84 - data preprocessing is done
2024-04-01 23:51:41.893 | SUCCESS  | __main__:<module>:100 - data preprocessing step 2 is done
2024-04-01 23:51:41.894 | SUCCESS  | __main__:<module>:123 - data preprocessing step 3 is done
2024-04-01 23:51:42.908 | SUCCESS  | __main__:<module>:156 - model is ready
2024-04-01 23:51:46.666 | SUCCESS  | __mp_main__:<module>:24 - connect to ../mysite/db.sqlite3
2024-04-01 23:51:46.833 | SUCCESS  | __mp_main__:<module>:58 - train.csv is generated
2024-04-01 23:51:46.846 | SUCCESS  | __mp_main__:<module>:84 - data preprocessing is done
2024-04-01 23:51:47.113 | SUCCESS  | __mp_main__:<module>:100 - data preprocessing step 2 is done
2024-04-01 23:51:47.113 | SUCCESS  | __mp_main__:<module>:123 - data preprocessing step 3 is done
2024-04-01 23:51:48.167 | SUCCESS  | __mp_main__:<module>:156 - model is ready
2024-04-01 23:52:28.470 | SUCCESS  | __main__:<module>:24 - connect to ../mysite/db.sqlite3
2024-04-01 23:52:28.640 | SUCCESS  | __main__:<module>:58 - train.csv is generated
2024-04-01 23:52:28.654 | SUCCESS  | __main__:<module>:84 - data preprocessing is done
2024-04-01 23:52:28.932 | SUCCESS  | __main__:<module>:100 - data preprocessing step 2 is done
2024-04-01 23:52:28.933 | SUCCESS  | __main__:<module>:123 - data preprocessing step 3 is done
2024-04-01 23:52:29.991 | SUCCESS  | __main__:<module>:156 - model is ready
2024-04-01 23:52:29.992 | SUCCESS  | __main__:<module>:161 - start to train
2024-04-01 23:52:33.136 | SUCCESS  | __mp_main__:<module>:24 - connect to ../mysite/db.sqlite3
2024-04-01 23:52:33.309 | SUCCESS  | __mp_main__:<module>:58 - train.csv is generated
2024-04-01 23:52:33.322 | SUCCESS  | __mp_main__:<module>:84 - data preprocessing is done
2024-04-01 23:52:33.594 | SUCCESS  | __mp_main__:<module>:100 - data preprocessing step 2 is done
2024-04-01 23:52:33.595 | SUCCESS  | __mp_main__:<module>:123 - data preprocessing step 3 is done
2024-04-01 23:52:34.642 | SUCCESS  | __mp_main__:<module>:156 - model is ready
2024-04-01 23:52:34.642 | SUCCESS  | __mp_main__:<module>:161 - start to train
2024-04-01 23:54:53.358 | SUCCESS  | __main__:<module>:24 - connect to ../mysite/db.sqlite3
2024-04-01 23:54:53.529 | SUCCESS  | __main__:<module>:58 - train.csv is generated
2024-04-01 23:54:53.539 | SUCCESS  | __main__:<module>:86 - data preprocessing is done
2024-04-01 23:54:53.829 | SUCCESS  | __main__:<module>:102 - data preprocessing step 2 is done
2024-04-01 23:54:53.830 | SUCCESS  | __main__:<module>:125 - data preprocessing step 3 is done
2024-04-01 23:54:55.968 | SUCCESS  | __main__:<module>:158 - model is ready
2024-04-01 23:54:55.969 | SUCCESS  | __main__:<module>:163 - start to train
2024-04-01 23:55:01.081 | SUCCESS  | __mp_main__:<module>:24 - connect to ../mysite/db.sqlite3
2024-04-01 23:55:01.251 | SUCCESS  | __mp_main__:<module>:58 - train.csv is generated
2024-04-01 23:55:06.099 | SUCCESS  | __mp_main__:<module>:24 - connect to ../mysite/db.sqlite3
2024-04-01 23:55:06.272 | SUCCESS  | __mp_main__:<module>:58 - train.csv is generated
2024-04-01 23:55:11.150 | SUCCESS  | __mp_main__:<module>:24 - connect to ../mysite/db.sqlite3
2024-04-01 23:55:11.318 | SUCCESS  | __mp_main__:<module>:58 - train.csv is generated
2024-04-01 23:55:37.793 | SUCCESS  | __main__:<module>:25 - connect to ../mysite/db.sqlite3
2024-04-01 23:55:37.979 | SUCCESS  | __main__:<module>:59 - train.csv is generated
2024-04-01 23:55:37.992 | SUCCESS  | __main__:<module>:87 - data preprocessing is done
2024-04-01 23:55:38.290 | SUCCESS  | __main__:<module>:103 - data preprocessing step 2 is done
2024-04-01 23:55:38.291 | SUCCESS  | __main__:<module>:126 - data preprocessing step 3 is done
2024-04-01 23:55:40.179 | SUCCESS  | __main__:<module>:159 - model is ready
2024-04-01 23:55:40.179 | SUCCESS  | __main__:<module>:164 - start to train
2024-04-02 19:23:07.863 | SUCCESS  | __main__:<module>:26 - connect to ../mysite/db.sqlite3
2024-04-02 19:23:30.791 | SUCCESS  | __main__:<module>:26 - connect to ../mysite/db.sqlite3
2024-04-02 19:23:30.999 | SUCCESS  | __main__:<module>:61 - train.csv is generated
2024-04-02 19:23:31.013 | SUCCESS  | __main__:<module>:91 - data preprocessing is done
2024-04-02 19:23:31.353 | SUCCESS  | __main__:<module>:107 - data preprocessing step 2 is done
2024-04-02 19:23:31.354 | SUCCESS  | __main__:<module>:130 - data preprocessing step 3 is done
2024-04-02 19:23:33.442 | SUCCESS  | __main__:<module>:163 - model is ready
2024-04-02 19:23:33.442 | SUCCESS  | __main__:<module>:168 - start to train
2024-04-02 19:48:54.650 | SUCCESS  | __main__:<module>:26 - connect to ../mysite/db.sqlite3
2024-04-02 19:48:54.851 | SUCCESS  | __main__:<module>:61 - train.csv is generated
2024-04-02 19:49:59.223 | SUCCESS  | __main__:<module>:26 - connect to ../mysite/db.sqlite3
2024-04-02 19:49:59.414 | SUCCESS  | __main__:<module>:61 - train.csv is generated
2024-04-02 19:49:59.422 | INFO     | __main__:<module>:86 - {1: 6, 2: 7, 3: 8, 4: 9, 5: 10, 6: 11, 7: 12, 8: 13, 9: 14, 10: 15, 11: 16, 12: 17, 13: 18, 14: 19, 15: 20, 16: 21, 17: 22, 18: 23, 19: 24, 20: 25, 21: 26, 22: 27, 23: 28, 24: 29, 25: 30, 26: 31, 27: 32, 28: 33, 29: 34, 30: 35, 31: 36, 32: 37, 33: 38, 34: 39, 35: 40, 36: 41, 37: 42, 38: 43, 39: 44, 40: 45, 41: 46, 42: 47, 43: 48, 44: 49, 45: 50, 46: 51, 47: 52, 48: 53, 49: 54, 50: 55, 51: 56, 52: 57, 53: 58, 54: 59, 55: 60, 56: 61, 57: 62, 58: 63, 59: 64, 60: 65, 61: 66, 62: 67, 63: 68, 64: 69, 65: 70, 66: 71, 67: 72, 68: 73, 69: 74, 70: 75, 71: 76, 72: 77, 73: 78, 74: 79, 75: 80, 76: 81, 77: 82, 78: 83, 79: 84, 80: 85, 81: 86, 82: 87, 83: 88, 84: 89, 85: 90, 86: 91, 87: 92, 88: 93, 89: 94, 90: 95, 91: 96, 92: 97, 93: 98, 94: 99, 95: 100, 96: 101, 97: 102, 98: 103, 99: 104, 100: 105}
2024-04-02 19:49:59.422 | INFO     | __main__:<module>:87 - {1: 280, 2: 281, 3: 282, 4: 283, 5: 284, 6: 285, 7: 286, 8: 287, 9: 288, 10: 289, 11: 290, 12: 291, 13: 292, 14: 293, 15: 294, 16: 295, 17: 296, 18: 297, 19: 298, 20: 299, 21: 300, 22: 301, 23: 302, 24: 303, 25: 304, 26: 305, 27: 306, 28: 307, 29: 308, 30: 309, 31: 310, 32: 311, 33: 312, 34: 313, 35: 314, 36: 315, 37: 316, 38: 317, 39: 318, 40: 319, 41: 320, 42: 321, 43: 322, 44: 323, 45: 324, 46: 325, 47: 326, 48: 327, 49: 328, 50: 329, 51: 330, 52: 331, 53: 332, 54: 333, 55: 334, 56: 335, 57: 336, 58: 337, 59: 338, 60: 339, 61: 340, 62: 341, 63: 342, 64: 343, 65: 344, 66: 345, 67: 346, 68: 347, 69: 348, 70: 349, 71: 350, 72: 351, 73: 352, 74: 353, 75: 354, 76: 355, 77: 356, 78: 357, 79: 358, 80: 359, 81: 360, 82: 361, 83: 362, 84: 363, 85: 364, 86: 365, 87: 366, 88: 367, 89: 368, 90: 369, 91: 370, 92: 371, 93: 372, 94: 373, 95: 374, 96: 375, 97: 376, 98: 377, 99: 378, 100: 379, 101: 380, 102: 381, 103: 382, 104: 383, 105: 384, 106: 385, 107: 386, 108: 387, 109: 388, 110: 389, 111: 390, 112: 391, 113: 392, 114: 393, 115: 394, 116: 395, 117: 396, 118: 397, 119: 398, 120: 399, 121: 400, 122: 401, 123: 402, 124: 403, 125: 404, 126: 405, 127: 406, 128: 407, 129: 408, 130: 409, 131: 410, 132: 411, 133: 412, 134: 413, 135: 414, 136: 415, 137: 416, 138: 417, 139: 418, 140: 419, 141: 420, 142: 421, 143: 422, 144: 423, 145: 424, 146: 425}
2024-04-02 19:49:59.428 | SUCCESS  | __main__:<module>:98 - data preprocessing is done
2024-04-02 19:49:59.754 | SUCCESS  | __main__:<module>:114 - data preprocessing step 2 is done
2024-04-02 19:49:59.755 | SUCCESS  | __main__:<module>:137 - data preprocessing step 3 is done
2024-04-02 19:50:01.792 | SUCCESS  | __main__:<module>:170 - model is ready
2024-04-02 19:50:01.793 | SUCCESS  | __main__:<module>:175 - start to train
2024-04-06 14:00:16.967 | SUCCESS  | __main__:<module>:26 - connect to ../mysite/db.sqlite3
2024-04-06 14:01:07.774 | SUCCESS  | __main__:<module>:26 - connect to ../mysite/db.sqlite3
2024-04-06 14:01:36.486 | SUCCESS  | __main__:<module>:26 - connect to ../mysite/db.sqlite3
2024-04-06 14:01:37.311 | SUCCESS  | __main__:<module>:96 - train.csv is generated
2024-04-06 14:02:23.111 | SUCCESS  | __main__:<module>:26 - connect to ../mysite/db.sqlite3
2024-04-06 14:02:23.883 | SUCCESS  | __main__:<module>:96 - train.csv is generated
2024-04-06 14:02:54.838 | SUCCESS  | __main__:<module>:26 - connect to ../mysite/db.sqlite3
2024-04-06 14:02:55.740 | SUCCESS  | __main__:<module>:96 - train.csv is generated
2024-04-06 14:03:47.980 | SUCCESS  | __main__:<module>:26 - connect to ../mysite/db.sqlite3
2024-04-06 14:03:48.869 | SUCCESS  | __main__:<module>:98 - train.csv is generated
2024-04-06 14:24:16.931 | SUCCESS  | __main__:<module>:26 - connect to ../mysite/db.sqlite3
2024-04-06 14:24:17.966 | SUCCESS  | __main__:<module>:79 - train.csv is generated
2024-04-06 14:24:18.004 | INFO     | __main__:<module>:103 - {1: 3, 2: 4, 3: 5, 4: 6, 5: 7, 6: 8, 7: 9, 8: 10, 9: 11, 10: 12, 11: 13, 12: 14, 13: 15, 14: 16, 15: 17, 16: 18, 17: 19, 18: 20, 19: 21, 20: 22, 21: 23, 22: 24, 23: 25, 24: 26, 25: 27, 26: 28, 27: 29, 28: 30, 29: 31, 30: 32, 31: 33, 32: 34, 33: 35, 34: 36, 35: 37, 36: 38, 37: 39, 38: 40, 39: 41, 40: 42, 41: 43, 42: 44, 43: 45, 44: 46, 45: 47, 46: 48, 47: 49, 48: 50, 49: 51, 50: 52, 51: 53, 52: 54, 53: 55, 54: 56, 55: 57, 56: 58, 57: 59, 58: 60, 59: 61, 60: 62, 61: 63, 62: 64, 63: 65, 64: 66, 65: 67, 66: 68, 67: 69, 68: 70, 69: 71, 70: 72, 71: 73, 72: 74, 73: 75, 74: 76, 75: 77, 76: 78, 77: 79, 78: 80, 79: 81, 80: 82, 81: 83, 82: 84, 83: 85, 84: 86, 85: 87, 86: 88, 87: 89, 88: 90, 89: 91, 90: 92, 91: 93, 92: 94, 93: 95, 94: 96, 95: 97, 96: 98, 97: 99, 98: 100, 99: 101, 100: 102}
2024-04-06 14:24:18.004 | INFO     | __main__:<module>:104 - {1: 46182, 2: 46183, 3: 46184, 4: 46185, 5: 46186, 6: 46187, 7: 46188, 8: 46189, 9: 46190, 10: 46191, 11: 46192, 12: 46193, 13: 46194, 14: 46195, 15: 46196, 16: 46197, 17: 46198, 18: 46199, 19: 46200, 20: 46201, 21: 46202, 22: 46203, 23: 46204, 24: 46205, 25: 46206, 26: 46207, 27: 46208, 28: 46209, 29: 46210, 30: 46211, 31: 46212, 32: 46213, 33: 46214, 34: 46215, 35: 46216, 36: 46217, 37: 46218, 38: 46219, 39: 46220, 40: 46221, 41: 46222, 42: 46223, 43: 46224, 44: 46225, 45: 46226, 46: 46227, 47: 46228, 48: 46229, 49: 46230, 50: 46231, 51: 46232, 52: 46233, 53: 46234, 54: 46235, 55: 46236, 56: 46237, 57: 46238, 58: 46239, 59: 46240, 60: 46241, 61: 46242, 62: 46243, 63: 46244, 64: 46245, 65: 46246, 66: 46247, 67: 46248, 68: 46249, 69: 46250, 70: 46251, 71: 46252, 72: 46253, 73: 46254, 74: 46255, 75: 46256, 76: 46257, 77: 46258, 78: 46259, 79: 46260, 80: 46261, 81: 46262, 82: 46263, 83: 46264, 84: 46265, 85: 46266, 86: 46267, 87: 46268, 88: 46269, 89: 46270, 90: 46271, 91: 46272, 92: 46273, 93: 46274, 94: 46275, 95: 46276, 96: 46277, 97: 46278, 98: 46279, 99: 46280, 100: 46281, 101: 46282, 102: 46283, 103: 46284, 104: 46285, 105: 46286, 106: 46287, 107: 46288, 108: 46289, 109: 46290, 110: 46291, 111: 46292, 112: 46293, 113: 46294, 114: 46295, 115: 46296, 116: 46297, 117: 46298, 118: 46299, 119: 46300, 120: 46301, 121: 46302, 122: 46303, 123: 46304, 124: 46305, 125: 46306, 126: 46307, 127: 46308, 128: 46309, 129: 46310, 130: 46311, 131: 46312, 132: 46313, 133: 46314, 134: 46315, 135: 46316, 136: 46317, 137: 46318, 138: 46319, 139: 46320, 140: 46321, 141: 46322, 142: 46323, 143: 46324, 144: 46325, 145: 46326, 146: 46327, 147: 46328, 148: 46329, 149: 46330, 150: 46331, 151: 46332, 152: 46333, 153: 46334, 154: 46335, 155: 46336, 156: 46337, 157: 46338, 158: 46339, 159: 46340, 160: 46341, 161: 46342, 162: 46343, 163: 46344, 164: 46345, 165: 46346, 166: 46347, 167: 46348, 168: 46349, 169: 46350, 170: 46351, 171: 46352, 172: 46353, 173: 46354, 174: 46355, 175: 46356, 176: 46357, 177: 46358, 178: 46359, 179: 46360, 180: 46361, 181: 46362, 182: 46363, 183: 46364, 184: 46365, 185: 46366, 186: 46367, 187: 46368, 188: 46369, 189: 46370, 190: 46371, 191: 46372, 192: 46373, 193: 46374, 194: 46375, 195: 46376, 196: 46377, 197: 46378, 198: 46379, 199: 46380, 200: 46381, 201: 46382, 202: 46383, 203: 46384, 204: 46385, 205: 46386, 206: 46387, 207: 46388, 208: 46389, 209: 46390, 210: 46391, 211: 46392, 212: 46393, 213: 46394, 214: 46395, 215: 46396, 216: 46397, 217: 46398, 218: 46399, 219: 46400, 220: 46401, 221: 46402, 222: 46403, 223: 46404, 224: 46405, 225: 46406, 226: 46407, 227: 46408, 228: 46409, 229: 46410, 230: 46411, 231: 46412, 232: 46413, 233: 46414, 234: 46415, 235: 46416, 236: 46417, 237: 46418, 238: 46419, 239: 46420, 240: 46421, 241: 46422, 242: 46423, 243: 46424, 244: 46425, 245: 46426, 246: 46427, 247: 46428, 248: 46429, 249: 46430, 250: 46431, 251: 46432, 252: 46433, 253: 46434, 254: 46435, 255: 46436, 256: 46437, 257: 46438, 258: 46439, 259: 46440, 260: 46441, 261: 46442, 262: 46443, 263: 46444, 264: 46445, 265: 46446, 266: 46447, 267: 46448, 268: 46449, 269: 46450, 270: 46451, 271: 46452, 272: 46453, 273: 46454, 274: 46455, 275: 46456, 276: 46457, 277: 46458, 278: 46459, 279: 46460, 280: 46461, 281: 46462, 282: 46463, 283: 46464, 284: 46465, 285: 46466, 286: 46467, 287: 46468, 288: 46469, 289: 46470, 290: 46471, 291: 46472, 292: 46473, 293: 46474, 294: 46475, 295: 46476, 296: 46477, 297: 46478, 298: 46479, 299: 46480, 300: 46481, 301: 46482, 302: 46483, 303: 46484, 304: 46485, 305: 46486, 306: 46487, 307: 46488, 308: 46489, 309: 46490, 310: 46491, 311: 46492, 312: 46493, 313: 46494, 314: 46495, 315: 46496, 316: 46497, 317: 46498, 318: 46499, 319: 46500, 320: 46501, 321: 46502, 322: 46503, 323: 46504, 324: 46505, 325: 46506, 326: 46507, 327: 46508, 328: 46509, 329: 46510, 330: 46511, 331: 46512, 332: 46513, 333: 46514, 334: 46515, 335: 46516, 336: 46517, 337: 46518, 338: 46519, 339: 46520, 340: 46521, 341: 46522, 342: 46523, 343: 46524, 344: 46525, 345: 46526, 346: 46527, 347: 46528, 348: 46529, 349: 46530, 350: 46531, 351: 46532, 352: 46533, 353: 46534, 354: 46535, 355: 46536, 356: 46537, 357: 46538, 358: 46539, 359: 46540, 360: 46541, 361: 46542, 362: 46543, 363: 46544, 364: 46545, 365: 46546, 366: 46547, 367: 46548, 368: 46549, 369: 46550, 370: 46551, 371: 46552, 372: 46553, 373: 46554, 374: 46555, 375: 46556, 376: 46557, 377: 46558, 378: 46559, 379: 46560, 380: 46561, 381: 46562, 382: 46563, 383: 46564, 384: 46565, 385: 46566, 386: 46567, 387: 46568, 388: 46569, 389: 46570, 390: 46571, 391: 46572, 392: 46573, 393: 46574, 394: 46575, 395: 46576, 396: 46577, 397: 46578, 398: 46579, 399: 46580, 400: 46581, 401: 46582, 402: 46583, 403: 46584, 404: 46585, 405: 46586, 406: 46587, 407: 46588, 408: 46589, 409: 46590, 410: 46591, 411: 46592, 412: 46593, 413: 46594, 414: 46595, 415: 46596, 416: 46597, 417: 46598, 418: 46599, 419: 46600, 420: 46601, 421: 46602, 422: 46603, 423: 46604, 424: 46605, 425: 46606, 426: 46607, 427: 46608, 428: 46609, 429: 46610, 430: 46611, 431: 46612, 432: 46613, 433: 46614, 434: 46615, 435: 46616, 436: 46617, 437: 46618, 438: 46619, 439: 46620, 440: 46621, 441: 46622, 442: 46623, 443: 46624, 444: 46625, 445: 46626, 446: 46627, 447: 46628, 448: 46629, 449: 46630, 450: 46631, 451: 46632, 452: 46633, 453: 46634, 454: 46635, 455: 46636, 456: 46637, 457: 46638, 458: 46639, 459: 46640, 460: 46641, 461: 46642, 462: 46643, 463: 46644, 464: 46645, 465: 46646, 466: 46647, 467: 46648, 468: 46649, 469: 46650, 470: 46651, 471: 46652, 472: 46653, 473: 46654, 474: 46655, 475: 46656, 476: 46657, 477: 46658, 478: 46659, 479: 46660, 480: 46661, 481: 46662, 482: 46663, 483: 46664, 484: 46665, 485: 46666, 486: 46667, 487: 46668, 488: 46669, 489: 46670, 490: 46671, 491: 46672, 492: 46673, 493: 46674, 494: 46675, 495: 46676, 496: 46677, 497: 46678, 498: 46679, 499: 46680, 500: 46681}
2024-04-06 14:24:18.033 | SUCCESS  | __main__:<module>:126 - data preprocessing is done
2024-04-06 14:24:22.662 | SUCCESS  | __main__:<module>:142 - data preprocessing step 2 is done
2024-04-06 14:25:02.873 | SUCCESS  | __main__:<module>:26 - connect to ../mysite/db.sqlite3
2024-04-06 14:25:04.285 | SUCCESS  | __main__:<module>:79 - train.csv is generated
2024-04-06 14:25:04.309 | INFO     | __main__:<module>:103 - {1: 3, 2: 4, 3: 5, 4: 6, 5: 7, 6: 8, 7: 9, 8: 10, 9: 11, 10: 12, 11: 13, 12: 14, 13: 15, 14: 16, 15: 17, 16: 18, 17: 19, 18: 20, 19: 21, 20: 22, 21: 23, 22: 24, 23: 25, 24: 26, 25: 27, 26: 28, 27: 29, 28: 30, 29: 31, 30: 32, 31: 33, 32: 34, 33: 35, 34: 36, 35: 37, 36: 38, 37: 39, 38: 40, 39: 41, 40: 42, 41: 43, 42: 44, 43: 45, 44: 46, 45: 47, 46: 48, 47: 49, 48: 50, 49: 51, 50: 52, 51: 53, 52: 54, 53: 55, 54: 56, 55: 57, 56: 58, 57: 59, 58: 60, 59: 61, 60: 62, 61: 63, 62: 64, 63: 65, 64: 66, 65: 67, 66: 68, 67: 69, 68: 70, 69: 71, 70: 72, 71: 73, 72: 74, 73: 75, 74: 76, 75: 77, 76: 78, 77: 79, 78: 80, 79: 81, 80: 82, 81: 83, 82: 84, 83: 85, 84: 86, 85: 87, 86: 88, 87: 89, 88: 90, 89: 91, 90: 92, 91: 93, 92: 94, 93: 95, 94: 96, 95: 97, 96: 98, 97: 99, 98: 100, 99: 101, 100: 102}
2024-04-06 14:25:04.310 | INFO     | __main__:<module>:104 - {1: 46182, 2: 46183, 3: 46184, 4: 46185, 5: 46186, 6: 46187, 7: 46188, 8: 46189, 9: 46190, 10: 46191, 11: 46192, 12: 46193, 13: 46194, 14: 46195, 15: 46196, 16: 46197, 17: 46198, 18: 46199, 19: 46200, 20: 46201, 21: 46202, 22: 46203, 23: 46204, 24: 46205, 25: 46206, 26: 46207, 27: 46208, 28: 46209, 29: 46210, 30: 46211, 31: 46212, 32: 46213, 33: 46214, 34: 46215, 35: 46216, 36: 46217, 37: 46218, 38: 46219, 39: 46220, 40: 46221, 41: 46222, 42: 46223, 43: 46224, 44: 46225, 45: 46226, 46: 46227, 47: 46228, 48: 46229, 49: 46230, 50: 46231, 51: 46232, 52: 46233, 53: 46234, 54: 46235, 55: 46236, 56: 46237, 57: 46238, 58: 46239, 59: 46240, 60: 46241, 61: 46242, 62: 46243, 63: 46244, 64: 46245, 65: 46246, 66: 46247, 67: 46248, 68: 46249, 69: 46250, 70: 46251, 71: 46252, 72: 46253, 73: 46254, 74: 46255, 75: 46256, 76: 46257, 77: 46258, 78: 46259, 79: 46260, 80: 46261, 81: 46262, 82: 46263, 83: 46264, 84: 46265, 85: 46266, 86: 46267, 87: 46268, 88: 46269, 89: 46270, 90: 46271, 91: 46272, 92: 46273, 93: 46274, 94: 46275, 95: 46276, 96: 46277, 97: 46278, 98: 46279, 99: 46280, 100: 46281, 101: 46282, 102: 46283, 103: 46284, 104: 46285, 105: 46286, 106: 46287, 107: 46288, 108: 46289, 109: 46290, 110: 46291, 111: 46292, 112: 46293, 113: 46294, 114: 46295, 115: 46296, 116: 46297, 117: 46298, 118: 46299, 119: 46300, 120: 46301, 121: 46302, 122: 46303, 123: 46304, 124: 46305, 125: 46306, 126: 46307, 127: 46308, 128: 46309, 129: 46310, 130: 46311, 131: 46312, 132: 46313, 133: 46314, 134: 46315, 135: 46316, 136: 46317, 137: 46318, 138: 46319, 139: 46320, 140: 46321, 141: 46322, 142: 46323, 143: 46324, 144: 46325, 145: 46326, 146: 46327, 147: 46328, 148: 46329, 149: 46330, 150: 46331, 151: 46332, 152: 46333, 153: 46334, 154: 46335, 155: 46336, 156: 46337, 157: 46338, 158: 46339, 159: 46340, 160: 46341, 161: 46342, 162: 46343, 163: 46344, 164: 46345, 165: 46346, 166: 46347, 167: 46348, 168: 46349, 169: 46350, 170: 46351, 171: 46352, 172: 46353, 173: 46354, 174: 46355, 175: 46356, 176: 46357, 177: 46358, 178: 46359, 179: 46360, 180: 46361, 181: 46362, 182: 46363, 183: 46364, 184: 46365, 185: 46366, 186: 46367, 187: 46368, 188: 46369, 189: 46370, 190: 46371, 191: 46372, 192: 46373, 193: 46374, 194: 46375, 195: 46376, 196: 46377, 197: 46378, 198: 46379, 199: 46380, 200: 46381, 201: 46382, 202: 46383, 203: 46384, 204: 46385, 205: 46386, 206: 46387, 207: 46388, 208: 46389, 209: 46390, 210: 46391, 211: 46392, 212: 46393, 213: 46394, 214: 46395, 215: 46396, 216: 46397, 217: 46398, 218: 46399, 219: 46400, 220: 46401, 221: 46402, 222: 46403, 223: 46404, 224: 46405, 225: 46406, 226: 46407, 227: 46408, 228: 46409, 229: 46410, 230: 46411, 231: 46412, 232: 46413, 233: 46414, 234: 46415, 235: 46416, 236: 46417, 237: 46418, 238: 46419, 239: 46420, 240: 46421, 241: 46422, 242: 46423, 243: 46424, 244: 46425, 245: 46426, 246: 46427, 247: 46428, 248: 46429, 249: 46430, 250: 46431, 251: 46432, 252: 46433, 253: 46434, 254: 46435, 255: 46436, 256: 46437, 257: 46438, 258: 46439, 259: 46440, 260: 46441, 261: 46442, 262: 46443, 263: 46444, 264: 46445, 265: 46446, 266: 46447, 267: 46448, 268: 46449, 269: 46450, 270: 46451, 271: 46452, 272: 46453, 273: 46454, 274: 46455, 275: 46456, 276: 46457, 277: 46458, 278: 46459, 279: 46460, 280: 46461, 281: 46462, 282: 46463, 283: 46464, 284: 46465, 285: 46466, 286: 46467, 287: 46468, 288: 46469, 289: 46470, 290: 46471, 291: 46472, 292: 46473, 293: 46474, 294: 46475, 295: 46476, 296: 46477, 297: 46478, 298: 46479, 299: 46480, 300: 46481, 301: 46482, 302: 46483, 303: 46484, 304: 46485, 305: 46486, 306: 46487, 307: 46488, 308: 46489, 309: 46490, 310: 46491, 311: 46492, 312: 46493, 313: 46494, 314: 46495, 315: 46496, 316: 46497, 317: 46498, 318: 46499, 319: 46500, 320: 46501, 321: 46502, 322: 46503, 323: 46504, 324: 46505, 325: 46506, 326: 46507, 327: 46508, 328: 46509, 329: 46510, 330: 46511, 331: 46512, 332: 46513, 333: 46514, 334: 46515, 335: 46516, 336: 46517, 337: 46518, 338: 46519, 339: 46520, 340: 46521, 341: 46522, 342: 46523, 343: 46524, 344: 46525, 345: 46526, 346: 46527, 347: 46528, 348: 46529, 349: 46530, 350: 46531, 351: 46532, 352: 46533, 353: 46534, 354: 46535, 355: 46536, 356: 46537, 357: 46538, 358: 46539, 359: 46540, 360: 46541, 361: 46542, 362: 46543, 363: 46544, 364: 46545, 365: 46546, 366: 46547, 367: 46548, 368: 46549, 369: 46550, 370: 46551, 371: 46552, 372: 46553, 373: 46554, 374: 46555, 375: 46556, 376: 46557, 377: 46558, 378: 46559, 379: 46560, 380: 46561, 381: 46562, 382: 46563, 383: 46564, 384: 46565, 385: 46566, 386: 46567, 387: 46568, 388: 46569, 389: 46570, 390: 46571, 391: 46572, 392: 46573, 393: 46574, 394: 46575, 395: 46576, 396: 46577, 397: 46578, 398: 46579, 399: 46580, 400: 46581, 401: 46582, 402: 46583, 403: 46584, 404: 46585, 405: 46586, 406: 46587, 407: 46588, 408: 46589, 409: 46590, 410: 46591, 411: 46592, 412: 46593, 413: 46594, 414: 46595, 415: 46596, 416: 46597, 417: 46598, 418: 46599, 419: 46600, 420: 46601, 421: 46602, 422: 46603, 423: 46604, 424: 46605, 425: 46606, 426: 46607, 427: 46608, 428: 46609, 429: 46610, 430: 46611, 431: 46612, 432: 46613, 433: 46614, 434: 46615, 435: 46616, 436: 46617, 437: 46618, 438: 46619, 439: 46620, 440: 46621, 441: 46622, 442: 46623, 443: 46624, 444: 46625, 445: 46626, 446: 46627, 447: 46628, 448: 46629, 449: 46630, 450: 46631, 451: 46632, 452: 46633, 453: 46634, 454: 46635, 455: 46636, 456: 46637, 457: 46638, 458: 46639, 459: 46640, 460: 46641, 461: 46642, 462: 46643, 463: 46644, 464: 46645, 465: 46646, 466: 46647, 467: 46648, 468: 46649, 469: 46650, 470: 46651, 471: 46652, 472: 46653, 473: 46654, 474: 46655, 475: 46656, 476: 46657, 477: 46658, 478: 46659, 479: 46660, 480: 46661, 481: 46662, 482: 46663, 483: 46664, 484: 46665, 485: 46666, 486: 46667, 487: 46668, 488: 46669, 489: 46670, 490: 46671, 491: 46672, 492: 46673, 493: 46674, 494: 46675, 495: 46676, 496: 46677, 497: 46678, 498: 46679, 499: 46680, 500: 46681}
2024-04-06 14:25:04.585 | SUCCESS  | __main__:<module>:126 - data preprocessing is done
2024-04-06 14:25:14.027 | SUCCESS  | __main__:<module>:142 - data preprocessing step 2 is done
2024-04-06 14:25:47.876 | SUCCESS  | __main__:<module>:26 - connect to ../mysite/db.sqlite3
2024-04-06 14:25:48.874 | SUCCESS  | __main__:<module>:79 - train.csv is generated
2024-04-06 14:25:48.893 | INFO     | __main__:<module>:103 - {1: 3, 2: 4, 3: 5, 4: 6, 5: 7, 6: 8, 7: 9, 8: 10, 9: 11, 10: 12, 11: 13, 12: 14, 13: 15, 14: 16, 15: 17, 16: 18, 17: 19, 18: 20, 19: 21, 20: 22, 21: 23, 22: 24, 23: 25, 24: 26, 25: 27, 26: 28, 27: 29, 28: 30, 29: 31, 30: 32, 31: 33, 32: 34, 33: 35, 34: 36, 35: 37, 36: 38, 37: 39, 38: 40, 39: 41, 40: 42, 41: 43, 42: 44, 43: 45, 44: 46, 45: 47, 46: 48, 47: 49, 48: 50, 49: 51, 50: 52, 51: 53, 52: 54, 53: 55, 54: 56, 55: 57, 56: 58, 57: 59, 58: 60, 59: 61, 60: 62, 61: 63, 62: 64, 63: 65, 64: 66, 65: 67, 66: 68, 67: 69, 68: 70, 69: 71, 70: 72, 71: 73, 72: 74, 73: 75, 74: 76, 75: 77, 76: 78, 77: 79, 78: 80, 79: 81, 80: 82, 81: 83, 82: 84, 83: 85, 84: 86, 85: 87, 86: 88, 87: 89, 88: 90, 89: 91, 90: 92, 91: 93, 92: 94, 93: 95, 94: 96, 95: 97, 96: 98, 97: 99, 98: 100, 99: 101, 100: 102}
2024-04-06 14:25:48.893 | INFO     | __main__:<module>:104 - {1: 46182, 2: 46183, 3: 46184, 4: 46185, 5: 46186, 6: 46187, 7: 46188, 8: 46189, 9: 46190, 10: 46191, 11: 46192, 12: 46193, 13: 46194, 14: 46195, 15: 46196, 16: 46197, 17: 46198, 18: 46199, 19: 46200, 20: 46201, 21: 46202, 22: 46203, 23: 46204, 24: 46205, 25: 46206, 26: 46207, 27: 46208, 28: 46209, 29: 46210, 30: 46211, 31: 46212, 32: 46213, 33: 46214, 34: 46215, 35: 46216, 36: 46217, 37: 46218, 38: 46219, 39: 46220, 40: 46221, 41: 46222, 42: 46223, 43: 46224, 44: 46225, 45: 46226, 46: 46227, 47: 46228, 48: 46229, 49: 46230, 50: 46231, 51: 46232, 52: 46233, 53: 46234, 54: 46235, 55: 46236, 56: 46237, 57: 46238, 58: 46239, 59: 46240, 60: 46241, 61: 46242, 62: 46243, 63: 46244, 64: 46245, 65: 46246, 66: 46247, 67: 46248, 68: 46249, 69: 46250, 70: 46251, 71: 46252, 72: 46253, 73: 46254, 74: 46255, 75: 46256, 76: 46257, 77: 46258, 78: 46259, 79: 46260, 80: 46261, 81: 46262, 82: 46263, 83: 46264, 84: 46265, 85: 46266, 86: 46267, 87: 46268, 88: 46269, 89: 46270, 90: 46271, 91: 46272, 92: 46273, 93: 46274, 94: 46275, 95: 46276, 96: 46277, 97: 46278, 98: 46279, 99: 46280, 100: 46281, 101: 46282, 102: 46283, 103: 46284, 104: 46285, 105: 46286, 106: 46287, 107: 46288, 108: 46289, 109: 46290, 110: 46291, 111: 46292, 112: 46293, 113: 46294, 114: 46295, 115: 46296, 116: 46297, 117: 46298, 118: 46299, 119: 46300, 120: 46301, 121: 46302, 122: 46303, 123: 46304, 124: 46305, 125: 46306, 126: 46307, 127: 46308, 128: 46309, 129: 46310, 130: 46311, 131: 46312, 132: 46313, 133: 46314, 134: 46315, 135: 46316, 136: 46317, 137: 46318, 138: 46319, 139: 46320, 140: 46321, 141: 46322, 142: 46323, 143: 46324, 144: 46325, 145: 46326, 146: 46327, 147: 46328, 148: 46329, 149: 46330, 150: 46331, 151: 46332, 152: 46333, 153: 46334, 154: 46335, 155: 46336, 156: 46337, 157: 46338, 158: 46339, 159: 46340, 160: 46341, 161: 46342, 162: 46343, 163: 46344, 164: 46345, 165: 46346, 166: 46347, 167: 46348, 168: 46349, 169: 46350, 170: 46351, 171: 46352, 172: 46353, 173: 46354, 174: 46355, 175: 46356, 176: 46357, 177: 46358, 178: 46359, 179: 46360, 180: 46361, 181: 46362, 182: 46363, 183: 46364, 184: 46365, 185: 46366, 186: 46367, 187: 46368, 188: 46369, 189: 46370, 190: 46371, 191: 46372, 192: 46373, 193: 46374, 194: 46375, 195: 46376, 196: 46377, 197: 46378, 198: 46379, 199: 46380, 200: 46381, 201: 46382, 202: 46383, 203: 46384, 204: 46385, 205: 46386, 206: 46387, 207: 46388, 208: 46389, 209: 46390, 210: 46391, 211: 46392, 212: 46393, 213: 46394, 214: 46395, 215: 46396, 216: 46397, 217: 46398, 218: 46399, 219: 46400, 220: 46401, 221: 46402, 222: 46403, 223: 46404, 224: 46405, 225: 46406, 226: 46407, 227: 46408, 228: 46409, 229: 46410, 230: 46411, 231: 46412, 232: 46413, 233: 46414, 234: 46415, 235: 46416, 236: 46417, 237: 46418, 238: 46419, 239: 46420, 240: 46421, 241: 46422, 242: 46423, 243: 46424, 244: 46425, 245: 46426, 246: 46427, 247: 46428, 248: 46429, 249: 46430, 250: 46431, 251: 46432, 252: 46433, 253: 46434, 254: 46435, 255: 46436, 256: 46437, 257: 46438, 258: 46439, 259: 46440, 260: 46441, 261: 46442, 262: 46443, 263: 46444, 264: 46445, 265: 46446, 266: 46447, 267: 46448, 268: 46449, 269: 46450, 270: 46451, 271: 46452, 272: 46453, 273: 46454, 274: 46455, 275: 46456, 276: 46457, 277: 46458, 278: 46459, 279: 46460, 280: 46461, 281: 46462, 282: 46463, 283: 46464, 284: 46465, 285: 46466, 286: 46467, 287: 46468, 288: 46469, 289: 46470, 290: 46471, 291: 46472, 292: 46473, 293: 46474, 294: 46475, 295: 46476, 296: 46477, 297: 46478, 298: 46479, 299: 46480, 300: 46481, 301: 46482, 302: 46483, 303: 46484, 304: 46485, 305: 46486, 306: 46487, 307: 46488, 308: 46489, 309: 46490, 310: 46491, 311: 46492, 312: 46493, 313: 46494, 314: 46495, 315: 46496, 316: 46497, 317: 46498, 318: 46499, 319: 46500, 320: 46501, 321: 46502, 322: 46503, 323: 46504, 324: 46505, 325: 46506, 326: 46507, 327: 46508, 328: 46509, 329: 46510, 330: 46511, 331: 46512, 332: 46513, 333: 46514, 334: 46515, 335: 46516, 336: 46517, 337: 46518, 338: 46519, 339: 46520, 340: 46521, 341: 46522, 342: 46523, 343: 46524, 344: 46525, 345: 46526, 346: 46527, 347: 46528, 348: 46529, 349: 46530, 350: 46531, 351: 46532, 352: 46533, 353: 46534, 354: 46535, 355: 46536, 356: 46537, 357: 46538, 358: 46539, 359: 46540, 360: 46541, 361: 46542, 362: 46543, 363: 46544, 364: 46545, 365: 46546, 366: 46547, 367: 46548, 368: 46549, 369: 46550, 370: 46551, 371: 46552, 372: 46553, 373: 46554, 374: 46555, 375: 46556, 376: 46557, 377: 46558, 378: 46559, 379: 46560, 380: 46561, 381: 46562, 382: 46563, 383: 46564, 384: 46565, 385: 46566, 386: 46567, 387: 46568, 388: 46569, 389: 46570, 390: 46571, 391: 46572, 392: 46573, 393: 46574, 394: 46575, 395: 46576, 396: 46577, 397: 46578, 398: 46579, 399: 46580, 400: 46581, 401: 46582, 402: 46583, 403: 46584, 404: 46585, 405: 46586, 406: 46587, 407: 46588, 408: 46589, 409: 46590, 410: 46591, 411: 46592, 412: 46593, 413: 46594, 414: 46595, 415: 46596, 416: 46597, 417: 46598, 418: 46599, 419: 46600, 420: 46601, 421: 46602, 422: 46603, 423: 46604, 424: 46605, 425: 46606, 426: 46607, 427: 46608, 428: 46609, 429: 46610, 430: 46611, 431: 46612, 432: 46613, 433: 46614, 434: 46615, 435: 46616, 436: 46617, 437: 46618, 438: 46619, 439: 46620, 440: 46621, 441: 46622, 442: 46623, 443: 46624, 444: 46625, 445: 46626, 446: 46627, 447: 46628, 448: 46629, 449: 46630, 450: 46631, 451: 46632, 452: 46633, 453: 46634, 454: 46635, 455: 46636, 456: 46637, 457: 46638, 458: 46639, 459: 46640, 460: 46641, 461: 46642, 462: 46643, 463: 46644, 464: 46645, 465: 46646, 466: 46647, 467: 46648, 468: 46649, 469: 46650, 470: 46651, 471: 46652, 472: 46653, 473: 46654, 474: 46655, 475: 46656, 476: 46657, 477: 46658, 478: 46659, 479: 46660, 480: 46661, 481: 46662, 482: 46663, 483: 46664, 484: 46665, 485: 46666, 486: 46667, 487: 46668, 488: 46669, 489: 46670, 490: 46671, 491: 46672, 492: 46673, 493: 46674, 494: 46675, 495: 46676, 496: 46677, 497: 46678, 498: 46679, 499: 46680, 500: 46681}
2024-04-06 14:25:48.908 | SUCCESS  | __main__:<module>:126 - data preprocessing is done
2024-04-06 14:25:53.291 | SUCCESS  | __main__:<module>:142 - data preprocessing step 2 is done
2024-04-06 14:26:55.954 | SUCCESS  | __main__:<module>:26 - connect to ../mysite/db.sqlite3
2024-04-06 14:26:56.960 | SUCCESS  | __main__:<module>:79 - train.csv is generated
2024-04-06 14:26:57.022 | INFO     | __main__:<module>:103 - {1: 3, 2: 4, 3: 5, 4: 6, 5: 7, 6: 8, 7: 9, 8: 10, 9: 11, 10: 12, 11: 13, 12: 14, 13: 15, 14: 16, 15: 17, 16: 18, 17: 19, 18: 20, 19: 21, 20: 22, 21: 23, 22: 24, 23: 25, 24: 26, 25: 27, 26: 28, 27: 29, 28: 30, 29: 31, 30: 32, 31: 33, 32: 34, 33: 35, 34: 36, 35: 37, 36: 38, 37: 39, 38: 40, 39: 41, 40: 42, 41: 43, 42: 44, 43: 45, 44: 46, 45: 47, 46: 48, 47: 49, 48: 50, 49: 51, 50: 52, 51: 53, 52: 54, 53: 55, 54: 56, 55: 57, 56: 58, 57: 59, 58: 60, 59: 61, 60: 62, 61: 63, 62: 64, 63: 65, 64: 66, 65: 67, 66: 68, 67: 69, 68: 70, 69: 71, 70: 72, 71: 73, 72: 74, 73: 75, 74: 76, 75: 77, 76: 78, 77: 79, 78: 80, 79: 81, 80: 82, 81: 83, 82: 84, 83: 85, 84: 86, 85: 87, 86: 88, 87: 89, 88: 90, 89: 91, 90: 92, 91: 93, 92: 94, 93: 95, 94: 96, 95: 97, 96: 98, 97: 99, 98: 100, 99: 101, 100: 102}
2024-04-06 14:26:57.023 | INFO     | __main__:<module>:104 - {1: 46182, 2: 46183, 3: 46184, 4: 46185, 5: 46186, 6: 46187, 7: 46188, 8: 46189, 9: 46190, 10: 46191, 11: 46192, 12: 46193, 13: 46194, 14: 46195, 15: 46196, 16: 46197, 17: 46198, 18: 46199, 19: 46200, 20: 46201, 21: 46202, 22: 46203, 23: 46204, 24: 46205, 25: 46206, 26: 46207, 27: 46208, 28: 46209, 29: 46210, 30: 46211, 31: 46212, 32: 46213, 33: 46214, 34: 46215, 35: 46216, 36: 46217, 37: 46218, 38: 46219, 39: 46220, 40: 46221, 41: 46222, 42: 46223, 43: 46224, 44: 46225, 45: 46226, 46: 46227, 47: 46228, 48: 46229, 49: 46230, 50: 46231, 51: 46232, 52: 46233, 53: 46234, 54: 46235, 55: 46236, 56: 46237, 57: 46238, 58: 46239, 59: 46240, 60: 46241, 61: 46242, 62: 46243, 63: 46244, 64: 46245, 65: 46246, 66: 46247, 67: 46248, 68: 46249, 69: 46250, 70: 46251, 71: 46252, 72: 46253, 73: 46254, 74: 46255, 75: 46256, 76: 46257, 77: 46258, 78: 46259, 79: 46260, 80: 46261, 81: 46262, 82: 46263, 83: 46264, 84: 46265, 85: 46266, 86: 46267, 87: 46268, 88: 46269, 89: 46270, 90: 46271, 91: 46272, 92: 46273, 93: 46274, 94: 46275, 95: 46276, 96: 46277, 97: 46278, 98: 46279, 99: 46280, 100: 46281, 101: 46282, 102: 46283, 103: 46284, 104: 46285, 105: 46286, 106: 46287, 107: 46288, 108: 46289, 109: 46290, 110: 46291, 111: 46292, 112: 46293, 113: 46294, 114: 46295, 115: 46296, 116: 46297, 117: 46298, 118: 46299, 119: 46300, 120: 46301, 121: 46302, 122: 46303, 123: 46304, 124: 46305, 125: 46306, 126: 46307, 127: 46308, 128: 46309, 129: 46310, 130: 46311, 131: 46312, 132: 46313, 133: 46314, 134: 46315, 135: 46316, 136: 46317, 137: 46318, 138: 46319, 139: 46320, 140: 46321, 141: 46322, 142: 46323, 143: 46324, 144: 46325, 145: 46326, 146: 46327, 147: 46328, 148: 46329, 149: 46330, 150: 46331, 151: 46332, 152: 46333, 153: 46334, 154: 46335, 155: 46336, 156: 46337, 157: 46338, 158: 46339, 159: 46340, 160: 46341, 161: 46342, 162: 46343, 163: 46344, 164: 46345, 165: 46346, 166: 46347, 167: 46348, 168: 46349, 169: 46350, 170: 46351, 171: 46352, 172: 46353, 173: 46354, 174: 46355, 175: 46356, 176: 46357, 177: 46358, 178: 46359, 179: 46360, 180: 46361, 181: 46362, 182: 46363, 183: 46364, 184: 46365, 185: 46366, 186: 46367, 187: 46368, 188: 46369, 189: 46370, 190: 46371, 191: 46372, 192: 46373, 193: 46374, 194: 46375, 195: 46376, 196: 46377, 197: 46378, 198: 46379, 199: 46380, 200: 46381, 201: 46382, 202: 46383, 203: 46384, 204: 46385, 205: 46386, 206: 46387, 207: 46388, 208: 46389, 209: 46390, 210: 46391, 211: 46392, 212: 46393, 213: 46394, 214: 46395, 215: 46396, 216: 46397, 217: 46398, 218: 46399, 219: 46400, 220: 46401, 221: 46402, 222: 46403, 223: 46404, 224: 46405, 225: 46406, 226: 46407, 227: 46408, 228: 46409, 229: 46410, 230: 46411, 231: 46412, 232: 46413, 233: 46414, 234: 46415, 235: 46416, 236: 46417, 237: 46418, 238: 46419, 239: 46420, 240: 46421, 241: 46422, 242: 46423, 243: 46424, 244: 46425, 245: 46426, 246: 46427, 247: 46428, 248: 46429, 249: 46430, 250: 46431, 251: 46432, 252: 46433, 253: 46434, 254: 46435, 255: 46436, 256: 46437, 257: 46438, 258: 46439, 259: 46440, 260: 46441, 261: 46442, 262: 46443, 263: 46444, 264: 46445, 265: 46446, 266: 46447, 267: 46448, 268: 46449, 269: 46450, 270: 46451, 271: 46452, 272: 46453, 273: 46454, 274: 46455, 275: 46456, 276: 46457, 277: 46458, 278: 46459, 279: 46460, 280: 46461, 281: 46462, 282: 46463, 283: 46464, 284: 46465, 285: 46466, 286: 46467, 287: 46468, 288: 46469, 289: 46470, 290: 46471, 291: 46472, 292: 46473, 293: 46474, 294: 46475, 295: 46476, 296: 46477, 297: 46478, 298: 46479, 299: 46480, 300: 46481, 301: 46482, 302: 46483, 303: 46484, 304: 46485, 305: 46486, 306: 46487, 307: 46488, 308: 46489, 309: 46490, 310: 46491, 311: 46492, 312: 46493, 313: 46494, 314: 46495, 315: 46496, 316: 46497, 317: 46498, 318: 46499, 319: 46500, 320: 46501, 321: 46502, 322: 46503, 323: 46504, 324: 46505, 325: 46506, 326: 46507, 327: 46508, 328: 46509, 329: 46510, 330: 46511, 331: 46512, 332: 46513, 333: 46514, 334: 46515, 335: 46516, 336: 46517, 337: 46518, 338: 46519, 339: 46520, 340: 46521, 341: 46522, 342: 46523, 343: 46524, 344: 46525, 345: 46526, 346: 46527, 347: 46528, 348: 46529, 349: 46530, 350: 46531, 351: 46532, 352: 46533, 353: 46534, 354: 46535, 355: 46536, 356: 46537, 357: 46538, 358: 46539, 359: 46540, 360: 46541, 361: 46542, 362: 46543, 363: 46544, 364: 46545, 365: 46546, 366: 46547, 367: 46548, 368: 46549, 369: 46550, 370: 46551, 371: 46552, 372: 46553, 373: 46554, 374: 46555, 375: 46556, 376: 46557, 377: 46558, 378: 46559, 379: 46560, 380: 46561, 381: 46562, 382: 46563, 383: 46564, 384: 46565, 385: 46566, 386: 46567, 387: 46568, 388: 46569, 389: 46570, 390: 46571, 391: 46572, 392: 46573, 393: 46574, 394: 46575, 395: 46576, 396: 46577, 397: 46578, 398: 46579, 399: 46580, 400: 46581, 401: 46582, 402: 46583, 403: 46584, 404: 46585, 405: 46586, 406: 46587, 407: 46588, 408: 46589, 409: 46590, 410: 46591, 411: 46592, 412: 46593, 413: 46594, 414: 46595, 415: 46596, 416: 46597, 417: 46598, 418: 46599, 419: 46600, 420: 46601, 421: 46602, 422: 46603, 423: 46604, 424: 46605, 425: 46606, 426: 46607, 427: 46608, 428: 46609, 429: 46610, 430: 46611, 431: 46612, 432: 46613, 433: 46614, 434: 46615, 435: 46616, 436: 46617, 437: 46618, 438: 46619, 439: 46620, 440: 46621, 441: 46622, 442: 46623, 443: 46624, 444: 46625, 445: 46626, 446: 46627, 447: 46628, 448: 46629, 449: 46630, 450: 46631, 451: 46632, 452: 46633, 453: 46634, 454: 46635, 455: 46636, 456: 46637, 457: 46638, 458: 46639, 459: 46640, 460: 46641, 461: 46642, 462: 46643, 463: 46644, 464: 46645, 465: 46646, 466: 46647, 467: 46648, 468: 46649, 469: 46650, 470: 46651, 471: 46652, 472: 46653, 473: 46654, 474: 46655, 475: 46656, 476: 46657, 477: 46658, 478: 46659, 479: 46660, 480: 46661, 481: 46662, 482: 46663, 483: 46664, 484: 46665, 485: 46666, 486: 46667, 487: 46668, 488: 46669, 489: 46670, 490: 46671, 491: 46672, 492: 46673, 493: 46674, 494: 46675, 495: 46676, 496: 46677, 497: 46678, 498: 46679, 499: 46680, 500: 46681}
2024-04-06 14:26:57.043 | SUCCESS  | __main__:<module>:126 - data preprocessing is done
2024-04-06 14:27:01.351 | SUCCESS  | __main__:<module>:142 - data preprocessing step 2 is done
2024-04-06 14:27:01.352 | SUCCESS  | __main__:<module>:184 - data preprocessing step 3 is done
2024-04-06 14:27:04.626 | SUCCESS  | __main__:<module>:217 - model is ready
2024-04-06 14:27:04.627 | SUCCESS  | __main__:<module>:222 - start to train
